<?xml version="1.0" encoding="UTF-8"?>
<!-- Generated by org.testng.reporters.JUnitReportReporter -->
<testsuite hostname="SKFHS8M32" name="com.selenium.tests.sheknows.ads.SlideshowListAdsTest" tests="1" failures="0" timestamp="22 Jan 2016 21:50:30 GMT" time="0.670" errors="0">
  <testcase name="checkLeaderboard" time="0.670" classname="com.selenium.tests.sheknows.ads.SlideshowListAdsTest"/>
</testsuite> <!-- com.selenium.tests.sheknows.ads.SlideshowListAdsTest -->
