<?xml version="1.0" encoding="UTF-8"?>
<!-- Generated by org.testng.reporters.JUnitReportReporter -->
<testsuite hostname="SKFHS8M32" name="com.selenium.tests.sheknows.ads.NewAdsTest" tests="3" failures="0" timestamp="25 Jan 2016 16:23:33 GMT" time="2.251" errors="0">
  <testcase name="checkRightTopDesktop" time="0.674" classname="com.selenium.tests.sheknows.ads.NewAdsTest"/>
  <testcase name="checkLeaderboard" time="0.840" classname="com.selenium.tests.sheknows.ads.NewAdsTest"/>
  <testcase name="checkRightBottomDesktop" time="0.737" classname="com.selenium.tests.sheknows.ads.NewAdsTest"/>
</testsuite> <!-- com.selenium.tests.sheknows.ads.NewAdsTest -->
