<?xml version="1.0" encoding="UTF-8"?>
<!-- Generated by org.testng.reporters.JUnitReportReporter -->
<testsuite hostname="SKFHS8M32" name="com.selenium.tests.sheknows.ads.VideoAdsTest" tests="3" failures="0" timestamp="22 Jan 2016 21:42:18 GMT" time="0.967" errors="0">
  <testcase name="checkRightTopDesktop" time="0.333" classname="com.selenium.tests.sheknows.ads.VideoAdsTest"/>
  <testcase name="checkRightBottomDesktop" time="0.283" classname="com.selenium.tests.sheknows.ads.VideoAdsTest"/>
  <testcase name="checkLeaderboard" time="0.351" classname="com.selenium.tests.sheknows.ads.VideoAdsTest"/>
</testsuite> <!-- com.selenium.tests.sheknows.ads.VideoAdsTest -->
