<?xml version="1.0" encoding="UTF-8"?>
<!-- Generated by org.testng.reporters.JUnitReportReporter -->
<testsuite hostname="SKFHS8M32" name="com.selenium.tests.sheknows.ads.HotAdsTest" tests="3" failures="0" timestamp="25 Jan 2016 21:24:13 GMT" time="0.780" errors="0">
  <testcase name="checkRightBottomDesktop" time="0.277" classname="com.selenium.tests.sheknows.ads.HotAdsTest"/>
  <testcase name="checkLeaderboard" time="0.358" classname="com.selenium.tests.sheknows.ads.HotAdsTest"/>
  <testcase name="checkRightTopDesktop" time="0.145" classname="com.selenium.tests.sheknows.ads.HotAdsTest"/>
</testsuite> <!-- com.selenium.tests.sheknows.ads.HotAdsTest -->
