<?xml version="1.0" encoding="UTF-8"?>
<!-- Generated by org.testng.reporters.JUnitReportReporter -->
<testsuite hostname="SKFHS8M32" name="com.selenium.tests.sheknows.ads.SlideshowRegularAdsTest" tests="3" failures="0" timestamp="22 Jan 2016 21:52:33 GMT" time="1.454" errors="0">
  <testcase name="checkLeaderboard" time="0.386" classname="com.selenium.tests.sheknows.ads.SlideshowRegularAdsTest"/>
  <testcase name="checkOutBrain" time="0.605" classname="com.selenium.tests.sheknows.ads.SlideshowRegularAdsTest"/>
  <testcase name="checkRightRailTop" time="0.463" classname="com.selenium.tests.sheknows.ads.SlideshowRegularAdsTest"/>
</testsuite> <!-- com.selenium.tests.sheknows.ads.SlideshowRegularAdsTest -->
